
DEBUG - 1@3.com, amit, 12345+ undefined, undefined, undefined
DEBUG - auth.service - signup with email: 1@3.com, username: amit
ERROR - [SIGNUP] TypeError: userService.add is not a function
DEBUG - 1@4.com, amit, 12345+ undefined, undefined, undefined
DEBUG - auth.service - signup with email: 1@4.com, username: amit
DEBUG - auth.route - new account created: {"email":"1@4.com","password":"$2b$10$esIqx7X3aeA4bvpE7jtsLekClEYaZWWY08gDvfx02xU/k.53Xn.UK","username":"amit","_id":"5e694c1364eb9e18c8811d9b"}
DEBUG - auth.service - login with username: amit
DEBUG - auth.service - login with username: amit
DEBUG - 1@3.com, aaa, 12345+ 120, undefined, undefined
DEBUG - auth.service - signup with email: 1@3.com, username: aaa
DEBUG - auth.route - new account created: {"email":"1@3.com","password":"$2b$10$/zymoqm7KFcz1H.r/ZtkJekWd7zjl.AOLvRfPFOroZm3lC/ofeUjq","username":"aaa","mony":120,"_id":"5e69677864eb9e18c8811d9c"}
DEBUG - auth.service - login with username: aaa
INFO - no logged in user
DEBUG - 1@3.com, q, 1234+ 120, undefined, undefined
DEBUG - auth.service - signup with email: 1@3.com, username: q
DEBUG - auth.route - new account created: {"email":"1@3.com","password":"$2b$10$a8ucgN3yr0QMs.p8Po.sLueDVxNNAdF28Y10n6ngV8RifeLNef1Me","username":"q","mony":120,"_id":"5e69683626fa175d5c0a12d5"}
DEBUG - auth.service - login with username: q
INFO - no logged in user
DEBUG - 1@4.com, e, 12345+ 120, undefined, undefined
DEBUG - auth.service - signup with email: 1@4.com, username: e
DEBUG - auth.route - new account created: {"email":"1@4.com","password":"$2b$10$CYvpw3crTVerX9Fun5Fkde3/XjezXx16OU1YIovfhO21Ct/BrRtju","username":"e","mony":120,"_id":"5e69700ac1075557bc30e67c"}
DEBUG - auth.service - login with username: e
INFO - no logged in user
DEBUG - 1@3.com, t, 123+ 120, undefined, undefined
DEBUG - auth.service - signup with email: 1@3.com, username: t
DEBUG - auth.route - new account created: {"email":"1@3.com","password":"$2b$10$PLSv1Cz7IhXU6oOji012o.xqvSmgQ1NsFylP6JBRnzhpfJFi0zE.C","username":"t","mony":120,"_id":"5e69720963a1b859409c0de1"}
DEBUG - auth.service - login with username: t
INFO - no logged in user
DEBUG - 1@5.com, yy, 12345+ 120, undefined, undefined
DEBUG - auth.service - signup with email: 1@5.com, username: yy
DEBUG - auth.route - new account created: {"email":"1@5.com","password":"$2b$10$XGIVFHv/dkU7o/.kZUZjY.gSngnqhURgM.qNweTvmretuTENXPnzu","username":"yy","mony":120,"listId":"5e697265bbb15f5bec2a3ba8","_id":"5e697266bbb15f5bec2a3ba9"}
DEBUG - auth.service - login with username: yy
DEBUG - auth.service - login with username: amit
DEBUG - auth.service - login with username: e
DEBUG - auth.service - login with username: e
DEBUG - auth.service - login with username: e
DEBUG - auth.service - login with username: e
DEBUG - auth.service - login with username: e
INFO - Server is running on port: 3000